  Building Custom Rule C:/Users/walchshofer/Documents/git/EmmyLuaCodeStyle/CodeFormatCore/CMakeLists.txt
  FunctionOption.cpp
  LuaStyle.cpp
  LuaEditorConfig.cpp
  LuaDiagnosticStyle.cpp
  LanguageTranslator.cpp
  EditorconfigPattern.cpp
  FormatBuilder.cpp
  FormatState.cpp
  FormatAnalyzer.cpp
  SpaceAnalyzer.cpp
  IndentationAnalyzer.cpp
  LineBreakAnalyzer.cpp
  FormatDocAnalyze.cpp
  AlignAnalyzer.cpp
  TokenAnalyzer.cpp
  FormatResolve.cpp
  SyntaxNodeHelper.cpp
  RangeFormatBuilder.cpp
  LuaTypeFormat.cpp
  LuaTypeFormatOptions.cpp
  Generating Code...
  Compiling...
  DiagnosticBuilder.cpp
  NameStyleChecker.cpp
  NameStyleRuleMatcher.cpp
  CodeSpellChecker.cpp
  IdentifyParser.cpp
  TextParser.cpp
  CodeStyleChecker.cpp
  SemicolonAnalyzer.cpp
  Generating Code...
  CodeFormatCore.vcxproj -> C:\Users\walchshofer\Documents\git\EmmyLuaCodeStyle\build\CodeFormatCore\Debug\CodeFormatCore.lib
